  Edibles.cpp
  Entity.cpp
c:\users\jonathan\source\repos\sfmlpacman\sfmlpacman\entity.cpp(28): warning C4244: 'argument': conversion from 'T' to 'T', possible loss of data
          with
          [
              T=float
          ]
          and
          [
              T=int
          ]
c:\users\jonathan\source\repos\sfmlpacman\sfmlpacman\entity.cpp(28): warning C4244: 'argument': conversion from 'float' to 'T', possible loss of data
          with
          [
              T=int
          ]
c:\users\jonathan\source\repos\sfmlpacman\sfmlpacman\entity.cpp(56): warning C4244: '=': conversion from 'T' to 'int', possible loss of data
          with
          [
              T=float
          ]
c:\users\jonathan\source\repos\sfmlpacman\sfmlpacman\entity.cpp(68): warning C4244: 'argument': conversion from 'T' to 'T', possible loss of data
          with
          [
              T=float
          ]
          and
          [
              T=int
          ]
  Main.cpp
  Pacman.cpp
c:\users\jonathan\source\repos\sfmlpacman\sfmlpacman\pacman.cpp(76): warning C4244: '=': conversion from 'T' to 'int', possible loss of data
          with
          [
              T=float
          ]
c:\users\jonathan\source\repos\sfmlpacman\sfmlpacman\pacman.cpp(90): warning C4244: 'argument': conversion from 'T' to 'T', possible loss of data
          with
          [
              T=float
          ]
          and
          [
              T=int
          ]
  Game.cpp
c:\users\jonathan\source\repos\sfmlpacman\sfmlpacman\tile.h(30): warning C4099: 'Tile': type name first seen using 'class' now seen using 'struct'
  c:\users\jonathan\source\repos\sfmlpacman\sfmlpacman\tile.h(29): note: see declaration of 'Tile'
c:\users\jonathan\source\repos\sfmlpacman\sfmlpacman\game.cpp(44): warning C4244: 'argument': conversion from 'float' to 'unsigned int', possible loss of data
  Generating code
  All 125 functions were compiled because no usable IPDB/IOBJ from previous compilation was found.
  Finished generating code
  SFMLPacman.vcxproj -> C:\Users\Jonathan\source\repos\SFMLPacman\Release\SFMLPacman.exe
