  Entity.cpp
c:\users\jonathan\source\repos\sfmlpacman\sfmlpacman\entity.cpp(29): warning C4244: 'argument': conversion from 'T' to 'T', possible loss of data
          with
          [
              T=float
          ]
          and
          [
              T=int
          ]
c:\users\jonathan\source\repos\sfmlpacman\sfmlpacman\entity.cpp(29): warning C4244: 'argument': conversion from 'float' to 'T', possible loss of data
          with
          [
              T=int
          ]
c:\users\jonathan\source\repos\sfmlpacman\sfmlpacman\entity.cpp(58): warning C4244: '=': conversion from 'T' to 'int', possible loss of data
          with
          [
              T=float
          ]
c:\users\jonathan\source\repos\sfmlpacman\sfmlpacman\entity.cpp(70): warning C4244: 'argument': conversion from 'T' to 'T', possible loss of data
          with
          [
              T=float
          ]
          and
          [
              T=int
          ]
  SFMLPacman.vcxproj -> C:\Users\Jonathan\source\repos\SFMLPacman\Debug\SFMLPacman.exe
